<?xml version="1.0" encoding="UTF-8"?>
<!-- Generated by org.testng.reporters.JUnitXMLReporter -->
<testsuite ignored="0" hostname="DESKTOP-0A7DVIM" failures="0" tests="7" name="Test" time="19.572" errors="0" timestamp="2023-09-04T23:02:44 IST">
  <testcase classname="com.simplilearn.TestingMedicareWebApplication.Testcases$testcase003" name="home" time="4.859"/>
  <testcase classname="com.simplilearn.TestingMedicareWebApplication.Testcases$testcase005" name="about" time="5.619"/>
  <testcase classname="com.simplilearn.TestingMedicareWebApplication.Testcases$testcase004" name="contact" time="5.87"/>
  <testcase classname="com.simplilearn.TestingMedicareWebApplication.Testcases$testcase002" name="login" time="5.901"/>
  <testcase classname="com.simplilearn.TestingMedicareWebApplication.Testcases$testcase001" name="singup" time="9.841"/>
  <testcase classname="com.simplilearn.TestingMedicareWebApplication.Testcases$testcase006" name="product" time="6.926"/>
  <testcase classname="com.simplilearn.TestingMedicareWebApplication.Testcases$testcase007" name="cart" time="13.913"/>
</testsuite> <!-- Test -->
